<?xml version="1.0" encoding="UTF-8"?>
<!-- Generated by org.testng.reporters.JUnitXMLReporter -->
<testsuite ignored="0" hostname="DESKTOP-FHGI3QT" failures="0" tests="3" name="Test" time="52.137" errors="0" timestamp="24 Sep 2020 13:50:37 GMT">
  <testcase classname="Tests.prat_1_searchTie" name="searchBLACK_POPLIN_SKINNY_TIE" time="10.133"/>
  <testcase classname="Tests.prat2_A_RetroTie" name="sumOfRetroTie" time="20.424"/>
  <testcase classname="Tests.part2_B_TieBar" name="sumOfTieBar" time="21.561"/>
</testsuite> <!-- Test -->
