<?xml version="1.0" encoding="UTF-8"?>
<testng-results ignored="0" total="1" passed="1" failed="0" skipped="0">
  <reporter-output>
  </reporter-output>
  <suite started-at="2021-01-06T20:08:14Z" name="Default suite" finished-at="2021-01-06T20:08:28Z" duration-ms="13691">
    <groups>
    </groups>
    <test started-at="2021-01-06T20:08:14Z" name="Default test" finished-at="2021-01-06T20:08:28Z" duration-ms="13691">
      <class name="Tests.prat2_A_RetroTie">
        <test-method is-config="true" signature="configurations()[pri:0, instance:Tests.prat2_A_RetroTie@240237d2]" started-at="2021-01-06T20:08:14Z" name="configurations" finished-at="2021-01-06T20:08:24Z" duration-ms="9773" status="PASS">
          <reporter-output>
          </reporter-output>
        </test-method> <!-- configurations -->
        <test-method signature="navigateToRetroCategory()[pri:0, instance:Tests.prat2_A_RetroTie@240237d2]" started-at="2021-01-06T20:08:24Z" name="navigateToRetroCategory" finished-at="2021-01-06T20:08:28Z" duration-ms="3852" status="PASS">
          <reporter-output>
          </reporter-output>
        </test-method> <!-- navigateToRetroCategory -->
        <test-method is-config="true" signature="closeBrowser()[pri:0, instance:Tests.prat2_A_RetroTie@240237d2]" started-at="2021-01-06T20:08:28Z" name="closeBrowser" finished-at="2021-01-06T20:08:28Z" duration-ms="46" status="PASS">
          <reporter-output>
          </reporter-output>
        </test-method> <!-- closeBrowser -->
      </class> <!-- Tests.prat2_A_RetroTie -->
    </test> <!-- Default test -->
  </suite> <!-- Default suite -->
</testng-results>
