<?xml version="1.0" encoding="UTF-8"?>
<testng-results ignored="0" total="3" passed="3" failed="0" skipped="0">
  <reporter-output>
  </reporter-output>
  <suite started-at="2020-09-24T13:49:45Z" name="Suite" finished-at="2020-09-24T13:50:37Z" duration-ms="52137">
    <groups>
    </groups>
    <test started-at="2020-09-24T13:49:45Z" name="Test" finished-at="2020-09-24T13:50:37Z" duration-ms="52137">
      <class name="Tests.prat_1_searchTie">
        <test-method signature="searchBLACK_POPLIN_SKINNY_TIE()[pri:0, instance:Tests.prat_1_searchTie@55a1c291]" started-at="2020-09-24T13:49:45Z" name="searchBLACK_POPLIN_SKINNY_TIE" finished-at="2020-09-24T13:49:55Z" duration-ms="10133" status="PASS">
          <reporter-output>
          </reporter-output>
        </test-method> <!-- searchBLACK_POPLIN_SKINNY_TIE -->
      </class> <!-- Tests.prat_1_searchTie -->
      <class name="Tests.prat2_A_RetroTie">
        <test-method signature="sumOfRetroTie()[pri:0, instance:Tests.prat2_A_RetroTie@2145433b]" started-at="2020-09-24T13:49:55Z" name="sumOfRetroTie" finished-at="2020-09-24T13:50:16Z" duration-ms="20424" status="PASS">
          <reporter-output>
          </reporter-output>
        </test-method> <!-- sumOfRetroTie -->
      </class> <!-- Tests.prat2_A_RetroTie -->
      <class name="Tests.part2_B_TieBar">
        <test-method signature="sumOfTieBar()[pri:0, instance:Tests.part2_B_TieBar@2890c451]" started-at="2020-09-24T13:50:16Z" name="sumOfTieBar" finished-at="2020-09-24T13:50:37Z" duration-ms="21561" status="PASS">
          <reporter-output>
          </reporter-output>
        </test-method> <!-- sumOfTieBar -->
      </class> <!-- Tests.part2_B_TieBar -->
    </test> <!-- Test -->
  </suite> <!-- Suite -->
</testng-results>
